[  1%] [34m[1mGenerating C code for ROS interfaces[0m
[  3%] [34m[1mGenerating C++ code for ROS interfaces[0m
[  3%] Built target ament_cmake_python_copy_skuba_msgs
running egg_info
creating skuba_msgs.egg-info
writing manifest file 'skuba_msgs.egg-info/SOURCES.txt'
writing manifest file 'skuba_msgs.egg-info/SOURCES.txt'
[  3%] Built target ament_cmake_python_build_skuba_msgs_egg
[  3%] Built target skuba_msgs__cpp
[  5%] [34m[1mGenerating C++ type support dispatch for ROS interfaces[0m
[  7%] [34m[1mGenerating C++ type support for eProsima Fast-RTPS[0m
[  9%] [34m[1mGenerating C++ introspection for ROS interfaces[0m
[ 10%] [32mBuilding C object CMakeFiles/skuba_msgs__rosidl_generator_c.dir/rosidl_generator_c/skuba_msgs/msg/detail/arm_state__functions.c.o[0m
[ 12%] [32mBuilding C object CMakeFiles/skuba_msgs__rosidl_generator_c.dir/rosidl_generator_c/skuba_msgs/srv/detail/ik_request__functions.c.o[0m
[ 14%] [32mBuilding C object CMakeFiles/skuba_msgs__rosidl_generator_c.dir/rosidl_generator_c/skuba_msgs/srv/detail/arm_trajectory__functions.c.o[0m
[ 16%] [32mBuilding C object CMakeFiles/skuba_msgs__rosidl_generator_c.dir/rosidl_generator_c/skuba_msgs/srv/detail/arm_command__functions.c.o[0m
[ 18%] [32m[1mLinking C shared library libskuba_msgs__rosidl_generator_c.so[0m
[ 18%] Built target skuba_msgs__rosidl_generator_c
[ 20%] [34m[1mGenerating C type support dispatch for ROS interfaces[0m
[ 21%] [34m[1mGenerating C type support for eProsima Fast-RTPS[0m
[ 23%] [34m[1mGenerating C introspection for ROS interfaces[0m
[ 25%] [32mBuilding CXX object CMakeFiles/skuba_msgs__rosidl_typesupport_introspection_cpp.dir/rosidl_typesupport_introspection_cpp/skuba_msgs/msg/detail/arm_state__type_support.cpp.o[0m
[ 27%] [32mBuilding CXX object CMakeFiles/skuba_msgs__rosidl_typesupport_introspection_cpp.dir/rosidl_typesupport_introspection_cpp/skuba_msgs/srv/detail/arm_command__type_support.cpp.o[0m
[ 29%] [32mBuilding CXX object CMakeFiles/skuba_msgs__rosidl_typesupport_introspection_cpp.dir/rosidl_typesupport_introspection_cpp/skuba_msgs/srv/detail/arm_trajectory__type_support.cpp.o[0m
[ 30%] [32mBuilding CXX object CMakeFiles/skuba_msgs__rosidl_typesupport_introspection_cpp.dir/rosidl_typesupport_introspection_cpp/skuba_msgs/srv/detail/ik_request__type_support.cpp.o[0m
[ 32%] [32mBuilding CXX object CMakeFiles/skuba_msgs__rosidl_typesupport_cpp.dir/rosidl_typesupport_cpp/skuba_msgs/srv/arm_command__type_support.cpp.o[0m
[ 34%] [32mBuilding CXX object CMakeFiles/skuba_msgs__rosidl_typesupport_cpp.dir/rosidl_typesupport_cpp/skuba_msgs/srv/ik_request__type_support.cpp.o[0m
[ 36%] [32mBuilding CXX object CMakeFiles/skuba_msgs__rosidl_typesupport_cpp.dir/rosidl_typesupport_cpp/skuba_msgs/msg/arm_state__type_support.cpp.o[0m
[ 38%] [32mBuilding CXX object CMakeFiles/skuba_msgs__rosidl_typesupport_cpp.dir/rosidl_typesupport_cpp/skuba_msgs/srv/arm_trajectory__type_support.cpp.o[0m
[ 40%] [32mBuilding CXX object CMakeFiles/skuba_msgs__rosidl_typesupport_fastrtps_cpp.dir/rosidl_typesupport_fastrtps_cpp/skuba_msgs/msg/detail/dds_fastrtps/arm_state__type_support.cpp.o[0m
[ 41%] [32mBuilding CXX object CMakeFiles/skuba_msgs__rosidl_typesupport_c.dir/rosidl_typesupport_c/skuba_msgs/msg/arm_state__type_support.cpp.o[0m
[ 43%] [32mBuilding CXX object CMakeFiles/skuba_msgs__rosidl_typesupport_c.dir/rosidl_typesupport_c/skuba_msgs/srv/arm_command__type_support.cpp.o[0m
[ 45%] [32mBuilding CXX object CMakeFiles/skuba_msgs__rosidl_typesupport_c.dir/rosidl_typesupport_c/skuba_msgs/srv/arm_trajectory__type_support.cpp.o[0m
[ 47%] [32mBuilding CXX object CMakeFiles/skuba_msgs__rosidl_typesupport_fastrtps_cpp.dir/rosidl_typesupport_fastrtps_cpp/skuba_msgs/srv/detail/dds_fastrtps/arm_command__type_support.cpp.o[0m
[ 49%] [32mBuilding CXX object CMakeFiles/skuba_msgs__rosidl_typesupport_fastrtps_cpp.dir/rosidl_typesupport_fastrtps_cpp/skuba_msgs/srv/detail/dds_fastrtps/arm_trajectory__type_support.cpp.o[0m
[ 50%] [32m[1mLinking CXX shared library libskuba_msgs__rosidl_typesupport_cpp.so[0m
[ 52%] [32mBuilding CXX object CMakeFiles/skuba_msgs__rosidl_typesupport_c.dir/rosidl_typesupport_c/skuba_msgs/srv/ik_request__type_support.cpp.o[0m
[ 54%] [32mBuilding CXX object CMakeFiles/skuba_msgs__rosidl_typesupport_fastrtps_cpp.dir/rosidl_typesupport_fastrtps_cpp/skuba_msgs/srv/detail/dds_fastrtps/ik_request__type_support.cpp.o[0m
[ 56%] [32mBuilding C object CMakeFiles/skuba_msgs__rosidl_typesupport_introspection_c.dir/rosidl_typesupport_introspection_c/skuba_msgs/msg/detail/arm_state__type_support.c.o[0m
[ 58%] [32mBuilding CXX object CMakeFiles/skuba_msgs__rosidl_typesupport_fastrtps_c.dir/rosidl_typesupport_fastrtps_c/skuba_msgs/msg/detail/arm_state__type_support_c.cpp.o[0m
[ 58%] Built target skuba_msgs__rosidl_typesupport_cpp
[ 60%] [32mBuilding C object CMakeFiles/skuba_msgs__rosidl_typesupport_introspection_c.dir/rosidl_typesupport_introspection_c/skuba_msgs/srv/detail/arm_command__type_support.c.o[0m
[ 61%] [32m[1mLinking CXX shared library libskuba_msgs__rosidl_typesupport_c.so[0m
[ 63%] [32mBuilding C object CMakeFiles/skuba_msgs__rosidl_typesupport_introspection_c.dir/rosidl_typesupport_introspection_c/skuba_msgs/srv/detail/arm_trajectory__type_support.c.o[0m
[ 65%] [32mBuilding CXX object CMakeFiles/skuba_msgs__rosidl_typesupport_fastrtps_c.dir/rosidl_typesupport_fastrtps_c/skuba_msgs/srv/detail/arm_command__type_support_c.cpp.o[0m
[ 67%] [32mBuilding CXX object CMakeFiles/skuba_msgs__rosidl_typesupport_fastrtps_c.dir/rosidl_typesupport_fastrtps_c/skuba_msgs/srv/detail/arm_trajectory__type_support_c.cpp.o[0m
[ 69%] [32mBuilding CXX object CMakeFiles/skuba_msgs__rosidl_typesupport_fastrtps_c.dir/rosidl_typesupport_fastrtps_c/skuba_msgs/srv/detail/ik_request__type_support_c.cpp.o[0m
[ 70%] [32m[1mLinking CXX shared library libskuba_msgs__rosidl_typesupport_introspection_cpp.so[0m
[ 72%] [32mBuilding C object CMakeFiles/skuba_msgs__rosidl_typesupport_introspection_c.dir/rosidl_typesupport_introspection_c/skuba_msgs/srv/detail/ik_request__type_support.c.o[0m
[ 72%] Built target skuba_msgs__rosidl_typesupport_c
[ 74%] [32m[1mLinking C shared library libskuba_msgs__rosidl_typesupport_introspection_c.so[0m
[ 74%] Built target skuba_msgs__rosidl_typesupport_introspection_cpp
[ 74%] Built target skuba_msgs__rosidl_typesupport_introspection_c
[ 78%] [32m[1mLinking CXX shared library libskuba_msgs__rosidl_typesupport_fastrtps_cpp.so[0m
[ 78%] [32m[1mLinking CXX shared library libskuba_msgs__rosidl_typesupport_fastrtps_c.so[0m
[ 78%] Built target skuba_msgs__rosidl_typesupport_fastrtps_c
[ 78%] Built target skuba_msgs__rosidl_typesupport_fastrtps_cpp
[ 78%] Built target skuba_msgs
[ 80%] [34m[1mGenerating Python code for ROS interfaces[0m
[ 80%] Built target skuba_msgs__py
[ 81%] [32mBuilding C object CMakeFiles/skuba_msgs__rosidl_generator_py.dir/rosidl_generator_py/skuba_msgs/srv/_arm_command_s.c.o[0m
[ 83%] [32mBuilding C object CMakeFiles/skuba_msgs__rosidl_generator_py.dir/rosidl_generator_py/skuba_msgs/msg/_arm_state_s.c.o[0m
[ 85%] [32mBuilding C object CMakeFiles/skuba_msgs__rosidl_generator_py.dir/rosidl_generator_py/skuba_msgs/srv/_arm_trajectory_s.c.o[0m
[ 87%] [32mBuilding C object CMakeFiles/skuba_msgs__rosidl_generator_py.dir/rosidl_generator_py/skuba_msgs/srv/_ik_request_s.c.o[0m
[ 89%] [32m[1mLinking C shared library rosidl_generator_py/skuba_msgs/libskuba_msgs__rosidl_generator_py.so[0m
[ 89%] Built target skuba_msgs__rosidl_generator_py
[ 90%] [32mBuilding C object CMakeFiles/skuba_msgs__rosidl_typesupport_fastrtps_c__pyext.dir/rosidl_generator_py/skuba_msgs/_skuba_msgs_s.ep.rosidl_typesupport_fastrtps_c.c.o[0m
[ 92%] [32mBuilding C object CMakeFiles/skuba_msgs__rosidl_typesupport_introspection_c__pyext.dir/rosidl_generator_py/skuba_msgs/_skuba_msgs_s.ep.rosidl_typesupport_introspection_c.c.o[0m
[ 94%] [32mBuilding C object CMakeFiles/skuba_msgs__rosidl_typesupport_c__pyext.dir/rosidl_generator_py/skuba_msgs/_skuba_msgs_s.ep.rosidl_typesupport_c.c.o[0m
[ 96%] [32m[1mLinking C shared library rosidl_generator_py/skuba_msgs/skuba_msgs_s__rosidl_typesupport_fastrtps_c.cpython-310-x86_64-linux-gnu.so[0m
[ 98%] [32m[1mLinking C shared library rosidl_generator_py/skuba_msgs/skuba_msgs_s__rosidl_typesupport_introspection_c.cpython-310-x86_64-linux-gnu.so[0m
[100%] [32m[1mLinking C shared library rosidl_generator_py/skuba_msgs/skuba_msgs_s__rosidl_typesupport_c.cpython-310-x86_64-linux-gnu.so[0m
[100%] Built target skuba_msgs__rosidl_typesupport_fastrtps_c__pyext
[100%] Built target skuba_msgs__rosidl_typesupport_introspection_c__pyext
[100%] Built target skuba_msgs__rosidl_typesupport_c__pyext
