[0.164s] DEBUG:colcon:Command line arguments: ['/usr/bin/colcon', 'build']
[0.164s] DEBUG:colcon:Parsed command line arguments: Namespace(log_base=None, log_level=None, verb_name='build', build_base='build', install_base='install', merge_install=False, symlink_install=False, test_result_base=None, continue_on_error=False, executor='parallel', parallel_workers=12, event_handlers=None, ignore_user_meta=False, metas=['./colcon.meta'], base_paths=['.'], packages_ignore=None, packages_ignore_regex=None, paths=None, packages_up_to=None, packages_up_to_regex=None, packages_above=None, packages_above_and_dependencies=None, packages_above_depth=None, packages_select_by_dep=None, packages_skip_by_dep=None, packages_skip_up_to=None, packages_select_build_failed=False, packages_skip_build_finished=False, packages_select_test_failures=False, packages_skip_test_passed=False, packages_select=None, packages_skip=None, packages_select_regex=None, packages_skip_regex=None, packages_start=None, packages_end=None, allow_overriding=[], cmake_args=None, cmake_target=None, cmake_target_skip_unavailable=False, cmake_clean_cache=False, cmake_clean_first=False, cmake_force_configure=False, ament_cmake_args=None, catkin_cmake_args=None, catkin_skip_building_tests=False, mixin_files=None, mixin=None, verb_parser=<colcon_mixin.mixin.mixin_argument.MixinArgumentDecorator object at 0x700a719a8d90>, verb_extension=<colcon_core.verb.build.BuildVerb object at 0x700a719a8070>, main=<bound method BuildVerb.main of <colcon_core.verb.build.BuildVerb object at 0x700a719a8070>>, mixin_verb=('build',))
[0.361s] Level 1:colcon.colcon_core.package_discovery:discover_packages(colcon_meta) check parameters
[0.361s] Level 1:colcon.colcon_core.package_discovery:discover_packages(recursive) check parameters
[0.361s] Level 1:colcon.colcon_core.package_discovery:discover_packages(ignore) check parameters
[0.361s] Level 1:colcon.colcon_core.package_discovery:discover_packages(path) check parameters
[0.361s] Level 1:colcon.colcon_core.package_discovery:discover_packages(colcon_meta) discover
[0.361s] Level 1:colcon.colcon_core.package_discovery:discover_packages(recursive) discover
[0.361s] INFO:colcon.colcon_core.package_discovery:Crawling recursively for packages in '/home/napat/skuba-manipulation'
[0.361s] Level 1:colcon.colcon_core.package_identification:_identify(.) by extensions ['ignore', 'ignore_ament_install']
[0.361s] Level 1:colcon.colcon_core.package_identification:_identify(.) by extension 'ignore'
[0.362s] Level 1:colcon.colcon_core.package_identification:_identify(.) by extension 'ignore_ament_install'
[0.362s] Level 1:colcon.colcon_core.package_identification:_identify(.) by extensions ['colcon_pkg']
[0.362s] Level 1:colcon.colcon_core.package_identification:_identify(.) by extension 'colcon_pkg'
[0.362s] Level 1:colcon.colcon_core.package_identification:_identify(.) by extensions ['colcon_meta']
[0.362s] Level 1:colcon.colcon_core.package_identification:_identify(.) by extension 'colcon_meta'
[0.362s] Level 1:colcon.colcon_core.package_identification:_identify(.) by extensions ['ros']
[0.362s] Level 1:colcon.colcon_core.package_identification:_identify(.) by extension 'ros'
[0.372s] Level 1:colcon.colcon_core.package_identification:_identify(.) by extensions ['cmake', 'python']
[0.372s] Level 1:colcon.colcon_core.package_identification:_identify(.) by extension 'cmake'
[0.372s] Level 1:colcon.colcon_core.package_identification:_identify(.) by extension 'python'
[0.372s] Level 1:colcon.colcon_core.package_identification:_identify(.) by extensions ['python_setup_py']
[0.372s] Level 1:colcon.colcon_core.package_identification:_identify(.) by extension 'python_setup_py'
[0.372s] Level 1:colcon.colcon_core.package_identification:_identify(build) by extensions ['ignore', 'ignore_ament_install']
[0.372s] Level 1:colcon.colcon_core.package_identification:_identify(build) by extension 'ignore'
[0.372s] Level 1:colcon.colcon_core.package_identification:_identify(build) ignored
[0.372s] Level 1:colcon.colcon_core.package_identification:_identify(install) by extensions ['ignore', 'ignore_ament_install']
[0.372s] Level 1:colcon.colcon_core.package_identification:_identify(install) by extension 'ignore'
[0.372s] Level 1:colcon.colcon_core.package_identification:_identify(install) ignored
[0.372s] Level 1:colcon.colcon_core.package_identification:_identify(log) by extensions ['ignore', 'ignore_ament_install']
[0.372s] Level 1:colcon.colcon_core.package_identification:_identify(log) by extension 'ignore'
[0.372s] Level 1:colcon.colcon_core.package_identification:_identify(log) ignored
[0.372s] Level 1:colcon.colcon_core.package_identification:_identify(src) by extensions ['ignore', 'ignore_ament_install']
[0.373s] Level 1:colcon.colcon_core.package_identification:_identify(src) by extension 'ignore'
[0.373s] Level 1:colcon.colcon_core.package_identification:_identify(src) by extension 'ignore_ament_install'
[0.373s] Level 1:colcon.colcon_core.package_identification:_identify(src) by extensions ['colcon_pkg']
[0.373s] Level 1:colcon.colcon_core.package_identification:_identify(src) by extension 'colcon_pkg'
[0.373s] Level 1:colcon.colcon_core.package_identification:_identify(src) by extensions ['colcon_meta']
[0.373s] Level 1:colcon.colcon_core.package_identification:_identify(src) by extension 'colcon_meta'
[0.373s] Level 1:colcon.colcon_core.package_identification:_identify(src) by extensions ['ros']
[0.373s] Level 1:colcon.colcon_core.package_identification:_identify(src) by extension 'ros'
[0.373s] Level 1:colcon.colcon_core.package_identification:_identify(src) by extensions ['cmake', 'python']
[0.373s] Level 1:colcon.colcon_core.package_identification:_identify(src) by extension 'cmake'
[0.373s] Level 1:colcon.colcon_core.package_identification:_identify(src) by extension 'python'
[0.373s] Level 1:colcon.colcon_core.package_identification:_identify(src) by extensions ['python_setup_py']
[0.373s] Level 1:colcon.colcon_core.package_identification:_identify(src) by extension 'python_setup_py'
[0.373s] Level 1:colcon.colcon_core.package_identification:_identify(src/skuba_arm) by extensions ['ignore', 'ignore_ament_install']
[0.373s] Level 1:colcon.colcon_core.package_identification:_identify(src/skuba_arm) by extension 'ignore'
[0.373s] Level 1:colcon.colcon_core.package_identification:_identify(src/skuba_arm) by extension 'ignore_ament_install'
[0.373s] Level 1:colcon.colcon_core.package_identification:_identify(src/skuba_arm) by extensions ['colcon_pkg']
[0.373s] Level 1:colcon.colcon_core.package_identification:_identify(src/skuba_arm) by extension 'colcon_pkg'
[0.373s] Level 1:colcon.colcon_core.package_identification:_identify(src/skuba_arm) by extensions ['colcon_meta']
[0.373s] Level 1:colcon.colcon_core.package_identification:_identify(src/skuba_arm) by extension 'colcon_meta'
[0.373s] Level 1:colcon.colcon_core.package_identification:_identify(src/skuba_arm) by extensions ['ros']
[0.373s] Level 1:colcon.colcon_core.package_identification:_identify(src/skuba_arm) by extension 'ros'
[0.375s] DEBUG:colcon.colcon_core.package_identification:Package 'src/skuba_arm' with type 'ros.ament_cmake' and name 'skuba_arm'
[0.376s] Level 1:colcon.colcon_core.package_identification:_identify(src/skuba_edu_description) by extensions ['ignore', 'ignore_ament_install']
[0.376s] Level 1:colcon.colcon_core.package_identification:_identify(src/skuba_edu_description) by extension 'ignore'
[0.376s] Level 1:colcon.colcon_core.package_identification:_identify(src/skuba_edu_description) by extension 'ignore_ament_install'
[0.376s] Level 1:colcon.colcon_core.package_identification:_identify(src/skuba_edu_description) by extensions ['colcon_pkg']
[0.376s] Level 1:colcon.colcon_core.package_identification:_identify(src/skuba_edu_description) by extension 'colcon_pkg'
[0.376s] Level 1:colcon.colcon_core.package_identification:_identify(src/skuba_edu_description) by extensions ['colcon_meta']
[0.376s] Level 1:colcon.colcon_core.package_identification:_identify(src/skuba_edu_description) by extension 'colcon_meta'
[0.376s] Level 1:colcon.colcon_core.package_identification:_identify(src/skuba_edu_description) by extensions ['ros']
[0.376s] Level 1:colcon.colcon_core.package_identification:_identify(src/skuba_edu_description) by extension 'ros'
[0.376s] DEBUG:colcon.colcon_core.package_identification:Package 'src/skuba_edu_description' with type 'ros.ament_cmake' and name 'skuba_edu_description'
[0.377s] Level 1:colcon.colcon_core.package_identification:_identify(src/skuba_edu_manipulation) by extensions ['ignore', 'ignore_ament_install']
[0.377s] Level 1:colcon.colcon_core.package_identification:_identify(src/skuba_edu_manipulation) by extension 'ignore'
[0.377s] Level 1:colcon.colcon_core.package_identification:_identify(src/skuba_edu_manipulation) by extension 'ignore_ament_install'
[0.377s] Level 1:colcon.colcon_core.package_identification:_identify(src/skuba_edu_manipulation) by extensions ['colcon_pkg']
[0.377s] Level 1:colcon.colcon_core.package_identification:_identify(src/skuba_edu_manipulation) by extension 'colcon_pkg'
[0.377s] Level 1:colcon.colcon_core.package_identification:_identify(src/skuba_edu_manipulation) by extensions ['colcon_meta']
[0.377s] Level 1:colcon.colcon_core.package_identification:_identify(src/skuba_edu_manipulation) by extension 'colcon_meta'
[0.377s] Level 1:colcon.colcon_core.package_identification:_identify(src/skuba_edu_manipulation) by extensions ['ros']
[0.377s] Level 1:colcon.colcon_core.package_identification:_identify(src/skuba_edu_manipulation) by extension 'ros'
[0.378s] DEBUG:colcon.colcon_core.package_identification:Package 'src/skuba_edu_manipulation' with type 'ros.ament_cmake' and name 'skuba_edu_manipulation'
[0.378s] Level 1:colcon.colcon_core.package_identification:_identify(src/skuba_msgs) by extensions ['ignore', 'ignore_ament_install']
[0.378s] Level 1:colcon.colcon_core.package_identification:_identify(src/skuba_msgs) by extension 'ignore'
[0.378s] Level 1:colcon.colcon_core.package_identification:_identify(src/skuba_msgs) by extension 'ignore_ament_install'
[0.378s] Level 1:colcon.colcon_core.package_identification:_identify(src/skuba_msgs) by extensions ['colcon_pkg']
[0.378s] Level 1:colcon.colcon_core.package_identification:_identify(src/skuba_msgs) by extension 'colcon_pkg'
[0.378s] Level 1:colcon.colcon_core.package_identification:_identify(src/skuba_msgs) by extensions ['colcon_meta']
[0.378s] Level 1:colcon.colcon_core.package_identification:_identify(src/skuba_msgs) by extension 'colcon_meta'
[0.378s] Level 1:colcon.colcon_core.package_identification:_identify(src/skuba_msgs) by extensions ['ros']
[0.378s] Level 1:colcon.colcon_core.package_identification:_identify(src/skuba_msgs) by extension 'ros'
[0.379s] DEBUG:colcon.colcon_core.package_identification:Package 'src/skuba_msgs' with type 'ros.ament_cmake' and name 'skuba_msgs'
[0.379s] Level 1:colcon.colcon_core.package_discovery:discover_packages(recursive) using defaults
[0.379s] Level 1:colcon.colcon_core.package_discovery:discover_packages(ignore) discover
[0.379s] Level 1:colcon.colcon_core.package_discovery:discover_packages(ignore) using defaults
[0.379s] Level 1:colcon.colcon_core.package_discovery:discover_packages(path) discover
[0.379s] Level 1:colcon.colcon_core.package_discovery:discover_packages(path) using defaults
[0.396s] Level 1:colcon.colcon_core.package_discovery:discover_packages(prefix_path) check parameters
[0.396s] Level 1:colcon.colcon_core.package_discovery:discover_packages(prefix_path) discover
[0.397s] WARNING:colcon.colcon_ros.prefix_path.ament:The path '/home/napat/skuba-manipulation/install/skuba_arm' in the environment variable AMENT_PREFIX_PATH doesn't exist
[0.397s] WARNING:colcon.colcon_ros.prefix_path.ament:The path '/home/napat/skuba-manipulation/install/skuba_msgs' in the environment variable AMENT_PREFIX_PATH doesn't exist
[0.397s] WARNING:colcon.colcon_ros.prefix_path.catkin:The path '/home/napat/skuba-manipulation/install/skuba_arm' in the environment variable CMAKE_PREFIX_PATH doesn't exist
[0.397s] WARNING:colcon.colcon_ros.prefix_path.catkin:The path '/home/napat/skuba-manipulation/install/skuba_msgs' in the environment variable CMAKE_PREFIX_PATH doesn't exist
[0.398s] DEBUG:colcon.colcon_installed_package_information.package_discovery:Found 2 installed packages in /home/napat/skuba-manipulation/install
[0.398s] DEBUG:colcon.colcon_installed_package_information.package_discovery:Found 5 installed packages in /home/napat/skuba_ws/install
[0.400s] DEBUG:colcon.colcon_installed_package_information.package_discovery:Found 425 installed packages in /opt/ros/humble
[0.402s] Level 1:colcon.colcon_core.package_discovery:discover_packages(prefix_path) using defaults
[0.454s] Level 5:colcon.colcon_core.verb:set package 'skuba_edu_description' build argument 'cmake_args' from command line to 'None'
[0.454s] Level 5:colcon.colcon_core.verb:set package 'skuba_edu_description' build argument 'cmake_target' from command line to 'None'
[0.454s] Level 5:colcon.colcon_core.verb:set package 'skuba_edu_description' build argument 'cmake_target_skip_unavailable' from command line to 'False'
[0.454s] Level 5:colcon.colcon_core.verb:set package 'skuba_edu_description' build argument 'cmake_clean_cache' from command line to 'False'
[0.454s] Level 5:colcon.colcon_core.verb:set package 'skuba_edu_description' build argument 'cmake_clean_first' from command line to 'False'
[0.454s] Level 5:colcon.colcon_core.verb:set package 'skuba_edu_description' build argument 'cmake_force_configure' from command line to 'False'
[0.454s] Level 5:colcon.colcon_core.verb:set package 'skuba_edu_description' build argument 'ament_cmake_args' from command line to 'None'
[0.454s] Level 5:colcon.colcon_core.verb:set package 'skuba_edu_description' build argument 'catkin_cmake_args' from command line to 'None'
[0.454s] Level 5:colcon.colcon_core.verb:set package 'skuba_edu_description' build argument 'catkin_skip_building_tests' from command line to 'False'
[0.454s] DEBUG:colcon.colcon_core.verb:Building package 'skuba_edu_description' with the following arguments: {'ament_cmake_args': None, 'build_base': '/home/napat/skuba-manipulation/build/skuba_edu_description', 'catkin_cmake_args': None, 'catkin_skip_building_tests': False, 'cmake_args': None, 'cmake_clean_cache': False, 'cmake_clean_first': False, 'cmake_force_configure': False, 'cmake_target': None, 'cmake_target_skip_unavailable': False, 'install_base': '/home/napat/skuba-manipulation/install/skuba_edu_description', 'merge_install': False, 'path': '/home/napat/skuba-manipulation/src/skuba_edu_description', 'symlink_install': False, 'test_result_base': None}
[0.454s] Level 5:colcon.colcon_core.verb:set package 'skuba_msgs' build argument 'cmake_args' from command line to 'None'
[0.454s] Level 5:colcon.colcon_core.verb:set package 'skuba_msgs' build argument 'cmake_target' from command line to 'None'
[0.454s] Level 5:colcon.colcon_core.verb:set package 'skuba_msgs' build argument 'cmake_target_skip_unavailable' from command line to 'False'
[0.454s] Level 5:colcon.colcon_core.verb:set package 'skuba_msgs' build argument 'cmake_clean_cache' from command line to 'False'
[0.454s] Level 5:colcon.colcon_core.verb:set package 'skuba_msgs' build argument 'cmake_clean_first' from command line to 'False'
[0.455s] Level 5:colcon.colcon_core.verb:set package 'skuba_msgs' build argument 'cmake_force_configure' from command line to 'False'
[0.455s] Level 5:colcon.colcon_core.verb:set package 'skuba_msgs' build argument 'ament_cmake_args' from command line to 'None'
[0.455s] Level 5:colcon.colcon_core.verb:set package 'skuba_msgs' build argument 'catkin_cmake_args' from command line to 'None'
[0.455s] Level 5:colcon.colcon_core.verb:set package 'skuba_msgs' build argument 'catkin_skip_building_tests' from command line to 'False'
[0.455s] DEBUG:colcon.colcon_core.verb:Building package 'skuba_msgs' with the following arguments: {'ament_cmake_args': None, 'build_base': '/home/napat/skuba-manipulation/build/skuba_msgs', 'catkin_cmake_args': None, 'catkin_skip_building_tests': False, 'cmake_args': None, 'cmake_clean_cache': False, 'cmake_clean_first': False, 'cmake_force_configure': False, 'cmake_target': None, 'cmake_target_skip_unavailable': False, 'install_base': '/home/napat/skuba-manipulation/install/skuba_msgs', 'merge_install': False, 'path': '/home/napat/skuba-manipulation/src/skuba_msgs', 'symlink_install': False, 'test_result_base': None}
[0.455s] Level 5:colcon.colcon_core.verb:set package 'skuba_arm' build argument 'cmake_args' from command line to 'None'
[0.455s] Level 5:colcon.colcon_core.verb:set package 'skuba_arm' build argument 'cmake_target' from command line to 'None'
[0.455s] Level 5:colcon.colcon_core.verb:set package 'skuba_arm' build argument 'cmake_target_skip_unavailable' from command line to 'False'
[0.455s] Level 5:colcon.colcon_core.verb:set package 'skuba_arm' build argument 'cmake_clean_cache' from command line to 'False'
[0.455s] Level 5:colcon.colcon_core.verb:set package 'skuba_arm' build argument 'cmake_clean_first' from command line to 'False'
[0.455s] Level 5:colcon.colcon_core.verb:set package 'skuba_arm' build argument 'cmake_force_configure' from command line to 'False'
[0.455s] Level 5:colcon.colcon_core.verb:set package 'skuba_arm' build argument 'ament_cmake_args' from command line to 'None'
[0.455s] Level 5:colcon.colcon_core.verb:set package 'skuba_arm' build argument 'catkin_cmake_args' from command line to 'None'
[0.455s] Level 5:colcon.colcon_core.verb:set package 'skuba_arm' build argument 'catkin_skip_building_tests' from command line to 'False'
[0.455s] DEBUG:colcon.colcon_core.verb:Building package 'skuba_arm' with the following arguments: {'ament_cmake_args': None, 'build_base': '/home/napat/skuba-manipulation/build/skuba_arm', 'catkin_cmake_args': None, 'catkin_skip_building_tests': False, 'cmake_args': None, 'cmake_clean_cache': False, 'cmake_clean_first': False, 'cmake_force_configure': False, 'cmake_target': None, 'cmake_target_skip_unavailable': False, 'install_base': '/home/napat/skuba-manipulation/install/skuba_arm', 'merge_install': False, 'path': '/home/napat/skuba-manipulation/src/skuba_arm', 'symlink_install': False, 'test_result_base': None}
[0.455s] Level 5:colcon.colcon_core.verb:set package 'skuba_edu_manipulation' build argument 'cmake_args' from command line to 'None'
[0.455s] Level 5:colcon.colcon_core.verb:set package 'skuba_edu_manipulation' build argument 'cmake_target' from command line to 'None'
[0.456s] Level 5:colcon.colcon_core.verb:set package 'skuba_edu_manipulation' build argument 'cmake_target_skip_unavailable' from command line to 'False'
[0.456s] Level 5:colcon.colcon_core.verb:set package 'skuba_edu_manipulation' build argument 'cmake_clean_cache' from command line to 'False'
[0.456s] Level 5:colcon.colcon_core.verb:set package 'skuba_edu_manipulation' build argument 'cmake_clean_first' from command line to 'False'
[0.456s] Level 5:colcon.colcon_core.verb:set package 'skuba_edu_manipulation' build argument 'cmake_force_configure' from command line to 'False'
[0.456s] Level 5:colcon.colcon_core.verb:set package 'skuba_edu_manipulation' build argument 'ament_cmake_args' from command line to 'None'
[0.456s] Level 5:colcon.colcon_core.verb:set package 'skuba_edu_manipulation' build argument 'catkin_cmake_args' from command line to 'None'
[0.456s] Level 5:colcon.colcon_core.verb:set package 'skuba_edu_manipulation' build argument 'catkin_skip_building_tests' from command line to 'False'
[0.456s] DEBUG:colcon.colcon_core.verb:Building package 'skuba_edu_manipulation' with the following arguments: {'ament_cmake_args': None, 'build_base': '/home/napat/skuba-manipulation/build/skuba_edu_manipulation', 'catkin_cmake_args': None, 'catkin_skip_building_tests': False, 'cmake_args': None, 'cmake_clean_cache': False, 'cmake_clean_first': False, 'cmake_force_configure': False, 'cmake_target': None, 'cmake_target_skip_unavailable': False, 'install_base': '/home/napat/skuba-manipulation/install/skuba_edu_manipulation', 'merge_install': False, 'path': '/home/napat/skuba-manipulation/src/skuba_edu_manipulation', 'symlink_install': False, 'test_result_base': None}
[0.456s] INFO:colcon.colcon_core.executor:Executing jobs using 'parallel' executor
[0.457s] DEBUG:colcon.colcon_parallel_executor.executor.parallel:run_until_complete
[0.457s] INFO:colcon.colcon_ros.task.ament_cmake.build:Building ROS package in '/home/napat/skuba-manipulation/src/skuba_edu_description' with build type 'ament_cmake'
[0.457s] INFO:colcon.colcon_cmake.task.cmake.build:Building CMake package in '/home/napat/skuba-manipulation/src/skuba_edu_description'
[0.459s] INFO:colcon.colcon_core.plugin_system:Skipping extension 'colcon_core.shell.bat': Not used on non-Windows systems
[0.459s] INFO:colcon.colcon_core.shell:Skip shell extension 'powershell' for command environment: Not usable outside of PowerShell
[0.459s] DEBUG:colcon.colcon_core.shell:Skip shell extension 'dsv' for command environment
[0.463s] INFO:colcon.colcon_ros.task.ament_cmake.build:Building ROS package in '/home/napat/skuba-manipulation/src/skuba_msgs' with build type 'ament_cmake'
[0.463s] INFO:colcon.colcon_cmake.task.cmake.build:Building CMake package in '/home/napat/skuba-manipulation/src/skuba_msgs'
[0.464s] INFO:colcon.colcon_core.shell:Skip shell extension 'powershell' for command environment: Not usable outside of PowerShell
[0.464s] DEBUG:colcon.colcon_core.shell:Skip shell extension 'dsv' for command environment
[0.477s] DEBUG:colcon.colcon_core.event_handler.log_command:Invoking command in '/home/napat/skuba-manipulation/build/skuba_edu_description': CMAKE_PREFIX_PATH=${CMAKE_PREFIX_PATH}:/home/napat/skuba_ws/install/cleaner_navigation:/opt/ros/humble /usr/bin/cmake --build /home/napat/skuba-manipulation/build/skuba_edu_description -- -j12 -l12
[0.482s] DEBUG:colcon.colcon_core.event_handler.log_command:Invoking command in '/home/napat/skuba-manipulation/build/skuba_msgs': CMAKE_PREFIX_PATH=${CMAKE_PREFIX_PATH}:/home/napat/skuba_ws/install/cleaner_navigation:/opt/ros/humble /usr/bin/cmake --build /home/napat/skuba-manipulation/build/skuba_msgs -- -j12 -l12
[0.535s] DEBUG:colcon.colcon_core.event_handler.log_command:Invoked command in '/home/napat/skuba-manipulation/build/skuba_edu_description' returned '0': CMAKE_PREFIX_PATH=${CMAKE_PREFIX_PATH}:/home/napat/skuba_ws/install/cleaner_navigation:/opt/ros/humble /usr/bin/cmake --build /home/napat/skuba-manipulation/build/skuba_edu_description -- -j12 -l12
[0.558s] DEBUG:colcon.colcon_core.event_handler.log_command:Invoking command in '/home/napat/skuba-manipulation/build/skuba_edu_description': CMAKE_PREFIX_PATH=${CMAKE_PREFIX_PATH}:/home/napat/skuba_ws/install/cleaner_navigation:/opt/ros/humble /usr/bin/cmake --install /home/napat/skuba-manipulation/build/skuba_edu_description
[0.590s] Level 1:colcon.colcon_core.environment:create_environment_scripts_only(skuba_edu_description)
[0.597s] DEBUG:colcon.colcon_core.event_handler.log_command:Invoked command in '/home/napat/skuba-manipulation/build/skuba_edu_description' returned '0': CMAKE_PREFIX_PATH=${CMAKE_PREFIX_PATH}:/home/napat/skuba_ws/install/cleaner_navigation:/opt/ros/humble /usr/bin/cmake --install /home/napat/skuba-manipulation/build/skuba_edu_description
[0.602s] Level 1:colcon.colcon_core.environment:checking '/home/napat/skuba-manipulation/install/skuba_edu_description' for CMake module files
[0.603s] Level 1:colcon.colcon_core.environment:checking '/home/napat/skuba-manipulation/install/skuba_edu_description' for CMake config files
[0.603s] Level 1:colcon.colcon_core.shell:create_environment_hook('skuba_edu_description', 'cmake_prefix_path')
[0.604s] INFO:colcon.colcon_core.shell:Creating environment hook '/home/napat/skuba-manipulation/install/skuba_edu_description/share/skuba_edu_description/hook/cmake_prefix_path.ps1'
[0.605s] INFO:colcon.colcon_core.shell:Creating environment descriptor '/home/napat/skuba-manipulation/install/skuba_edu_description/share/skuba_edu_description/hook/cmake_prefix_path.dsv'
[0.606s] INFO:colcon.colcon_core.shell:Creating environment hook '/home/napat/skuba-manipulation/install/skuba_edu_description/share/skuba_edu_description/hook/cmake_prefix_path.sh'
[0.608s] Level 1:colcon.colcon_core.environment:checking '/home/napat/skuba-manipulation/install/skuba_edu_description/bin'
[0.609s] Level 1:colcon.colcon_core.environment:checking '/home/napat/skuba-manipulation/install/skuba_edu_description/lib/pkgconfig/skuba_edu_description.pc'
[0.609s] Level 1:colcon.colcon_core.environment:checking '/home/napat/skuba-manipulation/install/skuba_edu_description/lib/python3.10/site-packages'
[0.610s] Level 1:colcon.colcon_core.environment:checking '/home/napat/skuba-manipulation/install/skuba_edu_description/bin'
[0.611s] INFO:colcon.colcon_core.shell:Creating package script '/home/napat/skuba-manipulation/install/skuba_edu_description/share/skuba_edu_description/package.ps1'
[0.612s] INFO:colcon.colcon_core.shell:Creating package descriptor '/home/napat/skuba-manipulation/install/skuba_edu_description/share/skuba_edu_description/package.dsv'
[0.614s] INFO:colcon.colcon_core.shell:Creating package script '/home/napat/skuba-manipulation/install/skuba_edu_description/share/skuba_edu_description/package.sh'
[0.616s] INFO:colcon.colcon_core.shell:Creating package script '/home/napat/skuba-manipulation/install/skuba_edu_description/share/skuba_edu_description/package.bash'
[0.618s] INFO:colcon.colcon_core.shell:Creating package script '/home/napat/skuba-manipulation/install/skuba_edu_description/share/skuba_edu_description/package.zsh'
[0.620s] Level 1:colcon.colcon_core.environment:create_file_with_runtime_dependencies(/home/napat/skuba-manipulation/install/skuba_edu_description/share/colcon-core/packages/skuba_edu_description)
[0.621s] Level 1:colcon.colcon_core.environment:create_environment_scripts_only(skuba_edu_description)
[0.622s] Level 1:colcon.colcon_core.environment:checking '/home/napat/skuba-manipulation/install/skuba_edu_description' for CMake module files
[0.624s] Level 1:colcon.colcon_core.environment:checking '/home/napat/skuba-manipulation/install/skuba_edu_description' for CMake config files
[0.625s] Level 1:colcon.colcon_core.shell:create_environment_hook('skuba_edu_description', 'cmake_prefix_path')
[0.625s] INFO:colcon.colcon_core.shell:Creating environment hook '/home/napat/skuba-manipulation/install/skuba_edu_description/share/skuba_edu_description/hook/cmake_prefix_path.ps1'
[0.626s] INFO:colcon.colcon_core.shell:Creating environment descriptor '/home/napat/skuba-manipulation/install/skuba_edu_description/share/skuba_edu_description/hook/cmake_prefix_path.dsv'
[0.627s] INFO:colcon.colcon_core.shell:Creating environment hook '/home/napat/skuba-manipulation/install/skuba_edu_description/share/skuba_edu_description/hook/cmake_prefix_path.sh'
[0.628s] Level 1:colcon.colcon_core.environment:checking '/home/napat/skuba-manipulation/install/skuba_edu_description/bin'
[0.629s] Level 1:colcon.colcon_core.environment:checking '/home/napat/skuba-manipulation/install/skuba_edu_description/lib/pkgconfig/skuba_edu_description.pc'
[0.629s] Level 1:colcon.colcon_core.environment:checking '/home/napat/skuba-manipulation/install/skuba_edu_description/lib/python3.10/site-packages'
[0.630s] Level 1:colcon.colcon_core.environment:checking '/home/napat/skuba-manipulation/install/skuba_edu_description/bin'
[0.631s] INFO:colcon.colcon_core.shell:Creating package script '/home/napat/skuba-manipulation/install/skuba_edu_description/share/skuba_edu_description/package.ps1'
[0.632s] INFO:colcon.colcon_core.shell:Creating package descriptor '/home/napat/skuba-manipulation/install/skuba_edu_description/share/skuba_edu_description/package.dsv'
[0.633s] INFO:colcon.colcon_core.shell:Creating package script '/home/napat/skuba-manipulation/install/skuba_edu_description/share/skuba_edu_description/package.sh'
[0.634s] INFO:colcon.colcon_core.shell:Creating package script '/home/napat/skuba-manipulation/install/skuba_edu_description/share/skuba_edu_description/package.bash'
[0.636s] INFO:colcon.colcon_core.shell:Creating package script '/home/napat/skuba-manipulation/install/skuba_edu_description/share/skuba_edu_description/package.zsh'
[0.637s] Level 1:colcon.colcon_core.environment:create_file_with_runtime_dependencies(/home/napat/skuba-manipulation/install/skuba_edu_description/share/colcon-core/packages/skuba_edu_description)
[0.637s] INFO:colcon.colcon_ros.task.ament_cmake.build:Building ROS package in '/home/napat/skuba-manipulation/src/skuba_edu_manipulation' with build type 'ament_cmake'
[0.637s] INFO:colcon.colcon_cmake.task.cmake.build:Building CMake package in '/home/napat/skuba-manipulation/src/skuba_edu_manipulation'
[0.638s] INFO:colcon.colcon_core.shell:Skip shell extension 'powershell' for command environment: Not usable outside of PowerShell
[0.638s] DEBUG:colcon.colcon_core.shell:Skip shell extension 'dsv' for command environment
[0.669s] DEBUG:colcon.colcon_core.event_handler.log_command:Invoking command in '/home/napat/skuba-manipulation/build/skuba_edu_manipulation': CMAKE_PREFIX_PATH=/home/napat/skuba-manipulation/install/skuba_edu_description:/home/napat/skuba-manipulation/install/skuba_edu_manipulation:/home/napat/skuba-manipulation/install/skuba_arm:/home/napat/skuba-manipulation/install/skuba_msgs:/home/napat/skuba_ws/install/cleaner_moveit:/home/napat/skuba_ws/install/rct_ahr_arm_description:/home/napat/skuba_ws/install/cleaner_msgs:/home/napat/skuba_ws/install/cleaner_arm:/home/napat/skuba_ws/install/cleaner_navigation:/opt/ros/humble /usr/bin/cmake /home/napat/skuba-manipulation/src/skuba_edu_manipulation -DCMAKE_INSTALL_PREFIX=/home/napat/skuba-manipulation/install/skuba_edu_manipulation
[0.693s] DEBUG:colcon.colcon_core.event_handler.log_command:Invoked command in '/home/napat/skuba-manipulation/build/skuba_edu_manipulation' returned '1': CMAKE_PREFIX_PATH=/home/napat/skuba-manipulation/install/skuba_edu_description:/home/napat/skuba-manipulation/install/skuba_edu_manipulation:/home/napat/skuba-manipulation/install/skuba_arm:/home/napat/skuba-manipulation/install/skuba_msgs:/home/napat/skuba_ws/install/cleaner_moveit:/home/napat/skuba_ws/install/rct_ahr_arm_description:/home/napat/skuba_ws/install/cleaner_msgs:/home/napat/skuba_ws/install/cleaner_arm:/home/napat/skuba_ws/install/cleaner_navigation:/opt/ros/humble /usr/bin/cmake /home/napat/skuba-manipulation/src/skuba_edu_manipulation -DCMAKE_INSTALL_PREFIX=/home/napat/skuba-manipulation/install/skuba_edu_manipulation
[0.716s] Level 1:colcon.colcon_core.environment:create_environment_scripts_only(skuba_edu_manipulation)
[0.716s] Level 1:colcon.colcon_core.environment:checking '/home/napat/skuba-manipulation/install/skuba_edu_manipulation' for CMake module files
[0.717s] Level 1:colcon.colcon_core.environment:checking '/home/napat/skuba-manipulation/install/skuba_edu_manipulation' for CMake config files
[0.718s] Level 1:colcon.colcon_core.environment:checking '/home/napat/skuba-manipulation/install/skuba_edu_manipulation/bin'
[0.718s] Level 1:colcon.colcon_core.environment:checking '/home/napat/skuba-manipulation/install/skuba_edu_manipulation/lib/pkgconfig/skuba_edu_manipulation.pc'
[0.719s] Level 1:colcon.colcon_core.environment:checking '/home/napat/skuba-manipulation/install/skuba_edu_manipulation/lib/python3.10/site-packages'
[0.719s] Level 1:colcon.colcon_core.environment:checking '/home/napat/skuba-manipulation/install/skuba_edu_manipulation/bin'
[0.720s] INFO:colcon.colcon_core.shell:Creating package script '/home/napat/skuba-manipulation/install/skuba_edu_manipulation/share/skuba_edu_manipulation/package.ps1'
[0.720s] INFO:colcon.colcon_core.shell:Creating package descriptor '/home/napat/skuba-manipulation/install/skuba_edu_manipulation/share/skuba_edu_manipulation/package.dsv'
[0.721s] INFO:colcon.colcon_core.shell:Creating package script '/home/napat/skuba-manipulation/install/skuba_edu_manipulation/share/skuba_edu_manipulation/package.sh'
[0.722s] INFO:colcon.colcon_core.shell:Creating package script '/home/napat/skuba-manipulation/install/skuba_edu_manipulation/share/skuba_edu_manipulation/package.bash'
[0.722s] INFO:colcon.colcon_core.shell:Creating package script '/home/napat/skuba-manipulation/install/skuba_edu_manipulation/share/skuba_edu_manipulation/package.zsh'
[0.723s] Level 1:colcon.colcon_core.environment:create_file_with_runtime_dependencies(/home/napat/skuba-manipulation/install/skuba_edu_manipulation/share/colcon-core/packages/skuba_edu_manipulation)
[7.570s] DEBUG:colcon.colcon_parallel_executor.executor.parallel:closing loop
[7.570s] DEBUG:colcon.colcon_parallel_executor.executor.parallel:loop closed
[7.570s] DEBUG:colcon.colcon_parallel_executor.executor.parallel:run_until_complete finished with '1'
[7.571s] DEBUG:colcon.colcon_core.event_reactor:joining thread
[7.592s] INFO:colcon.colcon_core.plugin_system:Skipping extension 'colcon_notification.desktop_notification.terminal_notifier': Not used on non-Darwin systems
[7.593s] INFO:colcon.colcon_core.plugin_system:Skipping extension 'colcon_notification.desktop_notification.win32': Not used on non-Windows systems
[7.593s] INFO:colcon.colcon_notification.desktop_notification:Sending desktop notification using 'notify2'
[7.636s] DEBUG:colcon.colcon_core.event_reactor:joined thread
[7.637s] INFO:colcon.colcon_core.shell:Creating prefix script '/home/napat/skuba-manipulation/install/local_setup.ps1'
[7.640s] INFO:colcon.colcon_core.shell:Creating prefix util module '/home/napat/skuba-manipulation/install/_local_setup_util_ps1.py'
[7.646s] INFO:colcon.colcon_core.shell:Creating prefix chain script '/home/napat/skuba-manipulation/install/setup.ps1'
[7.651s] INFO:colcon.colcon_core.shell:Creating prefix script '/home/napat/skuba-manipulation/install/local_setup.sh'
[7.653s] INFO:colcon.colcon_core.shell:Creating prefix util module '/home/napat/skuba-manipulation/install/_local_setup_util_sh.py'
[7.655s] INFO:colcon.colcon_core.shell:Creating prefix chain script '/home/napat/skuba-manipulation/install/setup.sh'
[7.660s] INFO:colcon.colcon_core.shell:Creating prefix script '/home/napat/skuba-manipulation/install/local_setup.bash'
[7.662s] INFO:colcon.colcon_core.shell:Creating prefix chain script '/home/napat/skuba-manipulation/install/setup.bash'
[7.666s] INFO:colcon.colcon_core.shell:Creating prefix script '/home/napat/skuba-manipulation/install/local_setup.zsh'
[7.668s] INFO:colcon.colcon_core.shell:Creating prefix chain script '/home/napat/skuba-manipulation/install/setup.zsh'
