-- Install configuration: ""
-- Up-to-date: /home/napat/skuba-manipulation/install/skuba_edu_description/share/skuba_edu_description/meshes
-- Up-to-date: /home/napat/skuba-manipulation/install/skuba_edu_description/share/skuba_edu_description/meshes/arm
-- Up-to-date: /home/napat/skuba-manipulation/install/skuba_edu_description/share/skuba_edu_description/meshes/arm/arm_link_3.STL
-- Up-to-date: /home/napat/skuba-manipulation/install/skuba_edu_description/share/skuba_edu_description/meshes/arm/arm_link_1.STL
-- Up-to-date: /home/napat/skuba-manipulation/install/skuba_edu_description/share/skuba_edu_description/meshes/arm/arm_base_link.STL
-- Up-to-date: /home/napat/skuba-manipulation/install/skuba_edu_description/share/skuba_edu_description/meshes/arm/arm_link_2.STL
-- Up-to-date: /home/napat/skuba-manipulation/install/skuba_edu_description/share/skuba_edu_description/meshes/arm/gripper_left.STL
-- Up-to-date: /home/napat/skuba-manipulation/install/skuba_edu_description/share/skuba_edu_description/meshes/arm/gripper_right.STL
-- Up-to-date: /home/napat/skuba-manipulation/install/skuba_edu_description/share/skuba_edu_description/meshes/stacks
-- Up-to-date: /home/napat/skuba-manipulation/install/skuba_edu_description/share/skuba_edu_description/meshes/stacks/hexagons
-- Up-to-date: /home/napat/skuba-manipulation/install/skuba_edu_description/share/skuba_edu_description/meshes/stacks/hexagons/pole_middle.dae
-- Up-to-date: /home/napat/skuba-manipulation/install/skuba_edu_description/share/skuba_edu_description/meshes/stacks/hexagons/images
-- Up-to-date: /home/napat/skuba-manipulation/install/skuba_edu_description/share/skuba_edu_description/meshes/stacks/hexagons/images/2f_stack.jpg
-- Up-to-date: /home/napat/skuba-manipulation/install/skuba_edu_description/share/skuba_edu_description/meshes/stacks/hexagons/images/3f_stack1.jpg
-- Up-to-date: /home/napat/skuba-manipulation/install/skuba_edu_description/share/skuba_edu_description/meshes/stacks/hexagons/images/3f_stack.jpg
-- Up-to-date: /home/napat/skuba-manipulation/install/skuba_edu_description/share/skuba_edu_description/meshes/stacks/hexagons/images/kinect_pole.jpg
-- Up-to-date: /home/napat/skuba-manipulation/install/skuba_edu_description/share/skuba_edu_description/meshes/stacks/hexagons/images/1f_stack.jpg
-- Up-to-date: /home/napat/skuba-manipulation/install/skuba_edu_description/share/skuba_edu_description/meshes/stacks/hexagons/images/kinect_pole_old.jpg
-- Up-to-date: /home/napat/skuba-manipulation/install/skuba_edu_description/share/skuba_edu_description/meshes/stacks/hexagons/images/3f_pole.jpg
-- Up-to-date: /home/napat/skuba-manipulation/install/skuba_edu_description/share/skuba_edu_description/meshes/stacks/hexagons/images/1f_pole.jpg
-- Up-to-date: /home/napat/skuba-manipulation/install/skuba_edu_description/share/skuba_edu_description/meshes/stacks/hexagons/images/2f_pole.jpg
-- Up-to-date: /home/napat/skuba-manipulation/install/skuba_edu_description/share/skuba_edu_description/meshes/stacks/hexagons/plate_middle.dae
-- Up-to-date: /home/napat/skuba-manipulation/install/skuba_edu_description/share/skuba_edu_description/meshes/stacks/hexagons/plate_top.dae
-- Up-to-date: /home/napat/skuba-manipulation/install/skuba_edu_description/share/skuba_edu_description/meshes/stacks/hexagons/pole_bottom.dae
-- Up-to-date: /home/napat/skuba-manipulation/install/skuba_edu_description/share/skuba_edu_description/meshes/stacks/hexagons/plate_bottom.dae
-- Up-to-date: /home/napat/skuba-manipulation/install/skuba_edu_description/share/skuba_edu_description/meshes/stacks/hexagons/pole_kinect.dae
-- Up-to-date: /home/napat/skuba-manipulation/install/skuba_edu_description/share/skuba_edu_description/meshes/stacks/hexagons/pole_top.dae
-- Up-to-date: /home/napat/skuba-manipulation/install/skuba_edu_description/share/skuba_edu_description/meshes/stacks/circles
-- Up-to-date: /home/napat/skuba-manipulation/install/skuba_edu_description/share/skuba_edu_description/meshes/stacks/circles/plate_2_logo.tga
-- Up-to-date: /home/napat/skuba-manipulation/install/skuba_edu_description/share/skuba_edu_description/meshes/stacks/circles/plate_0_logo.tga
-- Up-to-date: /home/napat/skuba-manipulation/install/skuba_edu_description/share/skuba_edu_description/meshes/stacks/circles/68-04552-1000-RA_Turtlebot_M-F_Standoff.dae
-- Up-to-date: /home/napat/skuba-manipulation/install/skuba_edu_description/share/skuba_edu_description/meshes/stacks/circles/68-04552-2000-RA_Turtlebot_M-F_Standoff_color.png
-- Up-to-date: /home/napat/skuba-manipulation/install/skuba_edu_description/share/skuba_edu_description/meshes/stacks/circles/plate_1_logo.tga
-- Up-to-date: /home/napat/skuba-manipulation/install/skuba_edu_description/share/skuba_edu_description/meshes/stacks/circles/68-04556-RA_Kinect_Standoff_Assy.dae
-- Up-to-date: /home/napat/skuba-manipulation/install/skuba_edu_description/share/skuba_edu_description/meshes/stacks/circles/68-02421-8000-RA_Turtlebot_F-F_Standoff_color.png
-- Up-to-date: /home/napat/skuba-manipulation/install/skuba_edu_description/share/skuba_edu_description/meshes/stacks/circles/68-02421-8000-RA_Turtlebot_F-F_Standoff.dae
-- Up-to-date: /home/napat/skuba-manipulation/install/skuba_edu_description/share/skuba_edu_description/meshes/stacks/circles/68-04552-1000-RA_Turtlebot_M-F_Standoff_color.png
-- Up-to-date: /home/napat/skuba-manipulation/install/skuba_edu_description/share/skuba_edu_description/meshes/stacks/circles/plate_0_logo.dae
-- Up-to-date: /home/napat/skuba-manipulation/install/skuba_edu_description/share/skuba_edu_description/meshes/stacks/circles/68-04556-RA_Kinect_Standoff_Assy.3ds
-- Up-to-date: /home/napat/skuba-manipulation/install/skuba_edu_description/share/skuba_edu_description/meshes/stacks/circles/68-02403-125_Spacer.dae
-- Up-to-date: /home/napat/skuba-manipulation/install/skuba_edu_description/share/skuba_edu_description/meshes/stacks/circles/plate_2_logo.dae
-- Up-to-date: /home/napat/skuba-manipulation/install/skuba_edu_description/share/skuba_edu_description/meshes/stacks/circles/68-04552-2000-RA_Turtlebot_M-F_Standoff.dae
-- Up-to-date: /home/napat/skuba-manipulation/install/skuba_edu_description/share/skuba_edu_description/meshes/stacks/circles/plate_1_logo.dae
-- Up-to-date: /home/napat/skuba-manipulation/install/skuba_edu_description/share/skuba_edu_description/meshes/camera
-- Up-to-date: /home/napat/skuba-manipulation/install/skuba_edu_description/share/skuba_edu_description/meshes/camera/cam_dynamixel_link_3.STL
-- Up-to-date: /home/napat/skuba-manipulation/install/skuba_edu_description/share/skuba_edu_description/meshes/camera/cam_dynamixel_link_2.STL
-- Up-to-date: /home/napat/skuba-manipulation/install/skuba_edu_description/share/skuba_edu_description/meshes/camera/cam_dynamixel_link_1.STL
-- Up-to-date: /home/napat/skuba-manipulation/install/skuba_edu_description/share/skuba_edu_description/meshes/sensors
-- Up-to-date: /home/napat/skuba-manipulation/install/skuba_edu_description/share/skuba_edu_description/meshes/sensors/xtion_pro_camera.jpg
-- Up-to-date: /home/napat/skuba-manipulation/install/skuba_edu_description/share/skuba_edu_description/meshes/sensors/asus_xtion_pro_live.dae
-- Up-to-date: /home/napat/skuba-manipulation/install/skuba_edu_description/share/skuba_edu_description/meshes/sensors/r200_bracket.stl
-- Up-to-date: /home/napat/skuba-manipulation/install/skuba_edu_description/share/skuba_edu_description/meshes/sensors/r200.dae
-- Up-to-date: /home/napat/skuba-manipulation/install/skuba_edu_description/share/skuba_edu_description/meshes/sensors/r200_bracket_end.stl
-- Up-to-date: /home/napat/skuba-manipulation/install/skuba_edu_description/share/skuba_edu_description/meshes/sensors/kinect.jpg
-- Up-to-date: /home/napat/skuba-manipulation/install/skuba_edu_description/share/skuba_edu_description/meshes/sensors/0_xtion_pro.jpg
-- Up-to-date: /home/napat/skuba-manipulation/install/skuba_edu_description/share/skuba_edu_description/meshes/sensors/d415.stl
-- Up-to-date: /home/napat/skuba-manipulation/install/skuba_edu_description/share/skuba_edu_description/meshes/sensors/xtion_pro.jpg
-- Up-to-date: /home/napat/skuba-manipulation/install/skuba_edu_description/share/skuba_edu_description/meshes/sensors/r200.jpg
-- Up-to-date: /home/napat/skuba-manipulation/install/skuba_edu_description/share/skuba_edu_description/meshes/sensors/xtion_pro_stack.dae
-- Up-to-date: /home/napat/skuba-manipulation/install/skuba_edu_description/share/skuba_edu_description/meshes/sensors/astra.jpg
-- Up-to-date: /home/napat/skuba-manipulation/install/skuba_edu_description/share/skuba_edu_description/meshes/sensors/xtion_pro_camera.dae
-- Up-to-date: /home/napat/skuba-manipulation/install/skuba_edu_description/share/skuba_edu_description/meshes/sensors/astra.dae
-- Up-to-date: /home/napat/skuba-manipulation/install/skuba_edu_description/share/skuba_edu_description/meshes/sensors/sensor_pole.dae
-- Up-to-date: /home/napat/skuba-manipulation/install/skuba_edu_description/share/skuba_edu_description/meshes/sensors/kinect.tga
-- Up-to-date: /home/napat/skuba-manipulation/install/skuba_edu_description/share/skuba_edu_description/meshes/sensors/kinect.dae
-- Up-to-date: /home/napat/skuba-manipulation/install/skuba_edu_description/share/skuba_edu_description/meshes/sensors/asus_xtion_pro_live.png
-- Up-to-date: /home/napat/skuba-manipulation/install/skuba_edu_description/share/skuba_edu_description/urdf
-- Up-to-date: /home/napat/skuba-manipulation/install/skuba_edu_description/share/skuba_edu_description/urdf/arm
-- Up-to-date: /home/napat/skuba-manipulation/install/skuba_edu_description/share/skuba_edu_description/urdf/arm/arm.urdf.xacro
-- Up-to-date: /home/napat/skuba-manipulation/install/skuba_edu_description/share/skuba_edu_description/urdf/arm/arm_no_gripper.urdf
-- Up-to-date: /home/napat/skuba-manipulation/install/skuba_edu_description/share/skuba_edu_description/urdf/arm/arm_no_gripper.urdf.xacro
-- Up-to-date: /home/napat/skuba-manipulation/install/skuba_edu_description/share/skuba_edu_description/urdf/arm/arm_moveit.urdf.xacro
-- Up-to-date: /home/napat/skuba-manipulation/install/skuba_edu_description/share/skuba_edu_description/urdf/arm/arm_moveit.urdf
-- Up-to-date: /home/napat/skuba-manipulation/install/skuba_edu_description/share/skuba_edu_description/urdf/angus_gazebo.urdf.xacro
-- Up-to-date: /home/napat/skuba-manipulation/install/skuba_edu_description/share/skuba_edu_description/urdf/stacks
-- Up-to-date: /home/napat/skuba-manipulation/install/skuba_edu_description/share/skuba_edu_description/urdf/stacks/hexagons.urdf.xacro
-- Up-to-date: /home/napat/skuba-manipulation/install/skuba_edu_description/share/skuba_edu_description/urdf/angus_properties.urdf.xacro
-- Up-to-date: /home/napat/skuba-manipulation/install/skuba_edu_description/share/skuba_edu_description/urdf/angus_common_library.urdf.xacro
-- Up-to-date: /home/napat/skuba-manipulation/install/skuba_edu_description/share/skuba_edu_description/urdf/camera
-- Up-to-date: /home/napat/skuba-manipulation/install/skuba_edu_description/share/skuba_edu_description/urdf/camera/cam.urdf.xacro
-- Up-to-date: /home/napat/skuba-manipulation/install/skuba_edu_description/share/skuba_edu_description/urdf/camera/cam_pic.urdf.xacro
-- Up-to-date: /home/napat/skuba-manipulation/install/skuba_edu_description/share/skuba_edu_description/urdf/camera/cam._ogurdf.xacro
-- Up-to-date: /home/napat/skuba-manipulation/install/skuba_edu_description/share/skuba_edu_description/urdf/common_properties.urdf.xacro
-- Up-to-date: /home/napat/skuba-manipulation/install/skuba_edu_description/share/skuba_edu_description/urdf/sensors
-- Up-to-date: /home/napat/skuba-manipulation/install/skuba_edu_description/share/skuba_edu_description/urdf/sensors/kinect.urdf.xacro
-- Up-to-date: /home/napat/skuba-manipulation/install/skuba_edu_description/share/skuba_edu_description/urdf/sensors/lidar.urdf.xacro
-- Up-to-date: /home/napat/skuba-manipulation/install/skuba_edu_description/share/skuba_edu_description/urdf/sensors/angus_d415.urdf.xacro
-- Up-to-date: /home/napat/skuba-manipulation/install/skuba_edu_description/share/skuba_edu_description/urdf/sensors/rplidar.urdf.xacro
-- Up-to-date: /home/napat/skuba-manipulation/install/skuba_edu_description/share/skuba_edu_description/robots
-- Up-to-date: /home/napat/skuba-manipulation/install/skuba_edu_description/share/skuba_edu_description/robots/angus_kobuki_hexagons_kinect_kinect.urdf.xacro
-- Up-to-date: /home/napat/skuba-manipulation/install/skuba_edu_description/share/skuba_edu_description/robots/angus_kobuki_hexagons_realsense_lidar.urdf.xacro
-- Up-to-date: /home/napat/skuba-manipulation/install/skuba_edu_description/share/skuba_edu_description/robots/angus_rcj2023_no_arm_and_cam.urdf.xacro
-- Up-to-date: /home/napat/skuba-manipulation/install/skuba_edu_description/share/skuba_edu_description/robots/angus_kobuki_hexagons_kinect_lidar.urdf.xacro
-- Up-to-date: /home/napat/skuba-manipulation/install/skuba_edu_description/share/skuba_edu_description/robots/angus_rcj2023.urdf.xacro
-- Up-to-date: /home/napat/skuba-manipulation/install/skuba_edu_description/share/ament_index/resource_index/package_run_dependencies/skuba_edu_description
-- Up-to-date: /home/napat/skuba-manipulation/install/skuba_edu_description/share/ament_index/resource_index/parent_prefix_path/skuba_edu_description
-- Up-to-date: /home/napat/skuba-manipulation/install/skuba_edu_description/share/skuba_edu_description/environment/ament_prefix_path.sh
-- Up-to-date: /home/napat/skuba-manipulation/install/skuba_edu_description/share/skuba_edu_description/environment/ament_prefix_path.dsv
-- Up-to-date: /home/napat/skuba-manipulation/install/skuba_edu_description/share/skuba_edu_description/environment/path.sh
-- Up-to-date: /home/napat/skuba-manipulation/install/skuba_edu_description/share/skuba_edu_description/environment/path.dsv
-- Up-to-date: /home/napat/skuba-manipulation/install/skuba_edu_description/share/skuba_edu_description/local_setup.bash
-- Up-to-date: /home/napat/skuba-manipulation/install/skuba_edu_description/share/skuba_edu_description/local_setup.sh
-- Up-to-date: /home/napat/skuba-manipulation/install/skuba_edu_description/share/skuba_edu_description/local_setup.zsh
-- Up-to-date: /home/napat/skuba-manipulation/install/skuba_edu_description/share/skuba_edu_description/local_setup.dsv
-- Up-to-date: /home/napat/skuba-manipulation/install/skuba_edu_description/share/skuba_edu_description/package.dsv
-- Up-to-date: /home/napat/skuba-manipulation/install/skuba_edu_description/share/ament_index/resource_index/packages/skuba_edu_description
-- Up-to-date: /home/napat/skuba-manipulation/install/skuba_edu_description/share/skuba_edu_description/cmake/skuba_edu_descriptionConfig.cmake
-- Up-to-date: /home/napat/skuba-manipulation/install/skuba_edu_description/share/skuba_edu_description/cmake/skuba_edu_descriptionConfig-version.cmake
-- Up-to-date: /home/napat/skuba-manipulation/install/skuba_edu_description/share/skuba_edu_description/package.xml
