[0.020s] Invoking command in '/home/napat/skuba-manipulation/build/skuba_edu_description': CMAKE_PREFIX_PATH=${CMAKE_PREFIX_PATH}:/home/napat/skuba_ws/install/cleaner_navigation:/opt/ros/humble /usr/bin/cmake --build /home/napat/skuba-manipulation/build/skuba_edu_description -- -j12 -l12
[0.077s] Invoked command in '/home/napat/skuba-manipulation/build/skuba_edu_description' returned '0': CMAKE_PREFIX_PATH=${CMAKE_PREFIX_PATH}:/home/napat/skuba_ws/install/cleaner_navigation:/opt/ros/humble /usr/bin/cmake --build /home/napat/skuba-manipulation/build/skuba_edu_description -- -j12 -l12
[0.099s] Invoking command in '/home/napat/skuba-manipulation/build/skuba_edu_description': CMAKE_PREFIX_PATH=${CMAKE_PREFIX_PATH}:/home/napat/skuba_ws/install/cleaner_navigation:/opt/ros/humble /usr/bin/cmake --install /home/napat/skuba-manipulation/build/skuba_edu_description
[0.119s] -- Install configuration: ""
[0.119s] -- Up-to-date: /home/napat/skuba-manipulation/install/skuba_edu_description/share/skuba_edu_description/meshes
[0.120s] -- Up-to-date: /home/napat/skuba-manipulation/install/skuba_edu_description/share/skuba_edu_description/meshes/arm
[0.120s] -- Up-to-date: /home/napat/skuba-manipulation/install/skuba_edu_description/share/skuba_edu_description/meshes/arm/arm_link_3.STL
[0.120s] -- Up-to-date: /home/napat/skuba-manipulation/install/skuba_edu_description/share/skuba_edu_description/meshes/arm/arm_link_1.STL
[0.121s] -- Up-to-date: /home/napat/skuba-manipulation/install/skuba_edu_description/share/skuba_edu_description/meshes/arm/arm_base_link.STL
[0.121s] -- Up-to-date: /home/napat/skuba-manipulation/install/skuba_edu_description/share/skuba_edu_description/meshes/arm/arm_link_2.STL
[0.121s] -- Up-to-date: /home/napat/skuba-manipulation/install/skuba_edu_description/share/skuba_edu_description/meshes/arm/gripper_left.STL
[0.121s] -- Up-to-date: /home/napat/skuba-manipulation/install/skuba_edu_description/share/skuba_edu_description/meshes/arm/gripper_right.STL
[0.122s] -- Up-to-date: /home/napat/skuba-manipulation/install/skuba_edu_description/share/skuba_edu_description/meshes/stacks
[0.122s] -- Up-to-date: /home/napat/skuba-manipulation/install/skuba_edu_description/share/skuba_edu_description/meshes/stacks/hexagons
[0.122s] -- Up-to-date: /home/napat/skuba-manipulation/install/skuba_edu_description/share/skuba_edu_description/meshes/stacks/hexagons/pole_middle.dae
[0.122s] -- Up-to-date: /home/napat/skuba-manipulation/install/skuba_edu_description/share/skuba_edu_description/meshes/stacks/hexagons/images
[0.122s] -- Up-to-date: /home/napat/skuba-manipulation/install/skuba_edu_description/share/skuba_edu_description/meshes/stacks/hexagons/images/2f_stack.jpg
[0.123s] -- Up-to-date: /home/napat/skuba-manipulation/install/skuba_edu_description/share/skuba_edu_description/meshes/stacks/hexagons/images/3f_stack1.jpg
[0.123s] -- Up-to-date: /home/napat/skuba-manipulation/install/skuba_edu_description/share/skuba_edu_description/meshes/stacks/hexagons/images/3f_stack.jpg
[0.123s] -- Up-to-date: /home/napat/skuba-manipulation/install/skuba_edu_description/share/skuba_edu_description/meshes/stacks/hexagons/images/kinect_pole.jpg
[0.124s] -- Up-to-date: /home/napat/skuba-manipulation/install/skuba_edu_description/share/skuba_edu_description/meshes/stacks/hexagons/images/1f_stack.jpg
[0.124s] -- Up-to-date: /home/napat/skuba-manipulation/install/skuba_edu_description/share/skuba_edu_description/meshes/stacks/hexagons/images/kinect_pole_old.jpg
[0.124s] -- Up-to-date: /home/napat/skuba-manipulation/install/skuba_edu_description/share/skuba_edu_description/meshes/stacks/hexagons/images/3f_pole.jpg
[0.124s] -- Up-to-date: /home/napat/skuba-manipulation/install/skuba_edu_description/share/skuba_edu_description/meshes/stacks/hexagons/images/1f_pole.jpg
[0.125s] -- Up-to-date: /home/napat/skuba-manipulation/install/skuba_edu_description/share/skuba_edu_description/meshes/stacks/hexagons/images/2f_pole.jpg
[0.125s] -- Up-to-date: /home/napat/skuba-manipulation/install/skuba_edu_description/share/skuba_edu_description/meshes/stacks/hexagons/plate_middle.dae
[0.125s] -- Up-to-date: /home/napat/skuba-manipulation/install/skuba_edu_description/share/skuba_edu_description/meshes/stacks/hexagons/plate_top.dae
[0.125s] -- Up-to-date: /home/napat/skuba-manipulation/install/skuba_edu_description/share/skuba_edu_description/meshes/stacks/hexagons/pole_bottom.dae
[0.125s] -- Up-to-date: /home/napat/skuba-manipulation/install/skuba_edu_description/share/skuba_edu_description/meshes/stacks/hexagons/plate_bottom.dae
[0.125s] -- Up-to-date: /home/napat/skuba-manipulation/install/skuba_edu_description/share/skuba_edu_description/meshes/stacks/hexagons/pole_kinect.dae
[0.126s] -- Up-to-date: /home/napat/skuba-manipulation/install/skuba_edu_description/share/skuba_edu_description/meshes/stacks/hexagons/pole_top.dae
[0.126s] -- Up-to-date: /home/napat/skuba-manipulation/install/skuba_edu_description/share/skuba_edu_description/meshes/stacks/circles
[0.126s] -- Up-to-date: /home/napat/skuba-manipulation/install/skuba_edu_description/share/skuba_edu_description/meshes/stacks/circles/plate_2_logo.tga
[0.127s] -- Up-to-date: /home/napat/skuba-manipulation/install/skuba_edu_description/share/skuba_edu_description/meshes/stacks/circles/plate_0_logo.tga
[0.127s] -- Up-to-date: /home/napat/skuba-manipulation/install/skuba_edu_description/share/skuba_edu_description/meshes/stacks/circles/68-04552-1000-RA_Turtlebot_M-F_Standoff.dae
[0.127s] -- Up-to-date: /home/napat/skuba-manipulation/install/skuba_edu_description/share/skuba_edu_description/meshes/stacks/circles/68-04552-2000-RA_Turtlebot_M-F_Standoff_color.png
[0.127s] -- Up-to-date: /home/napat/skuba-manipulation/install/skuba_edu_description/share/skuba_edu_description/meshes/stacks/circles/plate_1_logo.tga
[0.127s] -- Up-to-date: /home/napat/skuba-manipulation/install/skuba_edu_description/share/skuba_edu_description/meshes/stacks/circles/68-04556-RA_Kinect_Standoff_Assy.dae
[0.128s] -- Up-to-date: /home/napat/skuba-manipulation/install/skuba_edu_description/share/skuba_edu_description/meshes/stacks/circles/68-02421-8000-RA_Turtlebot_F-F_Standoff_color.png
[0.128s] -- Up-to-date: /home/napat/skuba-manipulation/install/skuba_edu_description/share/skuba_edu_description/meshes/stacks/circles/68-02421-8000-RA_Turtlebot_F-F_Standoff.dae
[0.128s] -- Up-to-date: /home/napat/skuba-manipulation/install/skuba_edu_description/share/skuba_edu_description/meshes/stacks/circles/68-04552-1000-RA_Turtlebot_M-F_Standoff_color.png
[0.128s] -- Up-to-date: /home/napat/skuba-manipulation/install/skuba_edu_description/share/skuba_edu_description/meshes/stacks/circles/plate_0_logo.dae
[0.128s] -- Up-to-date: /home/napat/skuba-manipulation/install/skuba_edu_description/share/skuba_edu_description/meshes/stacks/circles/68-04556-RA_Kinect_Standoff_Assy.3ds
[0.129s] -- Up-to-date: /home/napat/skuba-manipulation/install/skuba_edu_description/share/skuba_edu_description/meshes/stacks/circles/68-02403-125_Spacer.dae
[0.129s] -- Up-to-date: /home/napat/skuba-manipulation/install/skuba_edu_description/share/skuba_edu_description/meshes/stacks/circles/plate_2_logo.dae
[0.129s] -- Up-to-date: /home/napat/skuba-manipulation/install/skuba_edu_description/share/skuba_edu_description/meshes/stacks/circles/68-04552-2000-RA_Turtlebot_M-F_Standoff.dae
[0.129s] -- Up-to-date: /home/napat/skuba-manipulation/install/skuba_edu_description/share/skuba_edu_description/meshes/stacks/circles/plate_1_logo.dae
[0.129s] -- Up-to-date: /home/napat/skuba-manipulation/install/skuba_edu_description/share/skuba_edu_description/meshes/camera
[0.129s] -- Up-to-date: /home/napat/skuba-manipulation/install/skuba_edu_description/share/skuba_edu_description/meshes/camera/cam_dynamixel_link_3.STL
[0.130s] -- Up-to-date: /home/napat/skuba-manipulation/install/skuba_edu_description/share/skuba_edu_description/meshes/camera/cam_dynamixel_link_2.STL
[0.130s] -- Up-to-date: /home/napat/skuba-manipulation/install/skuba_edu_description/share/skuba_edu_description/meshes/camera/cam_dynamixel_link_1.STL
[0.130s] -- Up-to-date: /home/napat/skuba-manipulation/install/skuba_edu_description/share/skuba_edu_description/meshes/sensors
[0.130s] -- Up-to-date: /home/napat/skuba-manipulation/install/skuba_edu_description/share/skuba_edu_description/meshes/sensors/xtion_pro_camera.jpg
[0.131s] -- Up-to-date: /home/napat/skuba-manipulation/install/skuba_edu_description/share/skuba_edu_description/meshes/sensors/asus_xtion_pro_live.dae
[0.131s] -- Up-to-date: /home/napat/skuba-manipulation/install/skuba_edu_description/share/skuba_edu_description/meshes/sensors/r200_bracket.stl
[0.131s] -- Up-to-date: /home/napat/skuba-manipulation/install/skuba_edu_description/share/skuba_edu_description/meshes/sensors/r200.dae
[0.131s] -- Up-to-date: /home/napat/skuba-manipulation/install/skuba_edu_description/share/skuba_edu_description/meshes/sensors/r200_bracket_end.stl
[0.131s] -- Up-to-date: /home/napat/skuba-manipulation/install/skuba_edu_description/share/skuba_edu_description/meshes/sensors/kinect.jpg
[0.132s] -- Up-to-date: /home/napat/skuba-manipulation/install/skuba_edu_description/share/skuba_edu_description/meshes/sensors/0_xtion_pro.jpg
[0.132s] -- Up-to-date: /home/napat/skuba-manipulation/install/skuba_edu_description/share/skuba_edu_description/meshes/sensors/d415.stl
[0.132s] -- Up-to-date: /home/napat/skuba-manipulation/install/skuba_edu_description/share/skuba_edu_description/meshes/sensors/xtion_pro.jpg
[0.133s] -- Up-to-date: /home/napat/skuba-manipulation/install/skuba_edu_description/share/skuba_edu_description/meshes/sensors/r200.jpg
[0.133s] -- Up-to-date: /home/napat/skuba-manipulation/install/skuba_edu_description/share/skuba_edu_description/meshes/sensors/xtion_pro_stack.dae
[0.133s] -- Up-to-date: /home/napat/skuba-manipulation/install/skuba_edu_description/share/skuba_edu_description/meshes/sensors/astra.jpg
[0.133s] -- Up-to-date: /home/napat/skuba-manipulation/install/skuba_edu_description/share/skuba_edu_description/meshes/sensors/xtion_pro_camera.dae
[0.134s] -- Up-to-date: /home/napat/skuba-manipulation/install/skuba_edu_description/share/skuba_edu_description/meshes/sensors/astra.dae
[0.134s] -- Up-to-date: /home/napat/skuba-manipulation/install/skuba_edu_description/share/skuba_edu_description/meshes/sensors/sensor_pole.dae
[0.134s] -- Up-to-date: /home/napat/skuba-manipulation/install/skuba_edu_description/share/skuba_edu_description/meshes/sensors/kinect.tga
[0.134s] -- Up-to-date: /home/napat/skuba-manipulation/install/skuba_edu_description/share/skuba_edu_description/meshes/sensors/kinect.dae
[0.134s] -- Up-to-date: /home/napat/skuba-manipulation/install/skuba_edu_description/share/skuba_edu_description/meshes/sensors/asus_xtion_pro_live.png
[0.134s] -- Up-to-date: /home/napat/skuba-manipulation/install/skuba_edu_description/share/skuba_edu_description/urdf
[0.134s] -- Up-to-date: /home/napat/skuba-manipulation/install/skuba_edu_description/share/skuba_edu_description/urdf/arm
[0.134s] -- Up-to-date: /home/napat/skuba-manipulation/install/skuba_edu_description/share/skuba_edu_description/urdf/arm/arm.urdf.xacro
[0.134s] -- Up-to-date: /home/napat/skuba-manipulation/install/skuba_edu_description/share/skuba_edu_description/urdf/arm/arm_no_gripper.urdf
[0.135s] -- Up-to-date: /home/napat/skuba-manipulation/install/skuba_edu_description/share/skuba_edu_description/urdf/arm/arm_no_gripper.urdf.xacro
[0.135s] -- Up-to-date: /home/napat/skuba-manipulation/install/skuba_edu_description/share/skuba_edu_description/urdf/arm/arm_moveit.urdf.xacro
[0.135s] -- Up-to-date: /home/napat/skuba-manipulation/install/skuba_edu_description/share/skuba_edu_description/urdf/arm/arm_moveit.urdf
[0.135s] -- Up-to-date: /home/napat/skuba-manipulation/install/skuba_edu_description/share/skuba_edu_description/urdf/angus_gazebo.urdf.xacro
[0.135s] -- Up-to-date: /home/napat/skuba-manipulation/install/skuba_edu_description/share/skuba_edu_description/urdf/stacks
[0.135s] -- Up-to-date: /home/napat/skuba-manipulation/install/skuba_edu_description/share/skuba_edu_description/urdf/stacks/hexagons.urdf.xacro
[0.135s] -- Up-to-date: /home/napat/skuba-manipulation/install/skuba_edu_description/share/skuba_edu_description/urdf/angus_properties.urdf.xacro
[0.135s] -- Up-to-date: /home/napat/skuba-manipulation/install/skuba_edu_description/share/skuba_edu_description/urdf/angus_common_library.urdf.xacro
[0.135s] -- Up-to-date: /home/napat/skuba-manipulation/install/skuba_edu_description/share/skuba_edu_description/urdf/camera
[0.136s] -- Up-to-date: /home/napat/skuba-manipulation/install/skuba_edu_description/share/skuba_edu_description/urdf/camera/cam.urdf.xacro
[0.136s] -- Up-to-date: /home/napat/skuba-manipulation/install/skuba_edu_description/share/skuba_edu_description/urdf/camera/cam_pic.urdf.xacro
[0.136s] -- Up-to-date: /home/napat/skuba-manipulation/install/skuba_edu_description/share/skuba_edu_description/urdf/camera/cam._ogurdf.xacro
[0.136s] -- Up-to-date: /home/napat/skuba-manipulation/install/skuba_edu_description/share/skuba_edu_description/urdf/common_properties.urdf.xacro
[0.136s] -- Up-to-date: /home/napat/skuba-manipulation/install/skuba_edu_description/share/skuba_edu_description/urdf/sensors
[0.136s] -- Up-to-date: /home/napat/skuba-manipulation/install/skuba_edu_description/share/skuba_edu_description/urdf/sensors/kinect.urdf.xacro
[0.136s] -- Up-to-date: /home/napat/skuba-manipulation/install/skuba_edu_description/share/skuba_edu_description/urdf/sensors/lidar.urdf.xacro
[0.136s] -- Up-to-date: /home/napat/skuba-manipulation/install/skuba_edu_description/share/skuba_edu_description/urdf/sensors/angus_d415.urdf.xacro
[0.136s] -- Up-to-date: /home/napat/skuba-manipulation/install/skuba_edu_description/share/skuba_edu_description/urdf/sensors/rplidar.urdf.xacro
[0.136s] -- Up-to-date: /home/napat/skuba-manipulation/install/skuba_edu_description/share/skuba_edu_description/robots
[0.137s] -- Up-to-date: /home/napat/skuba-manipulation/install/skuba_edu_description/share/skuba_edu_description/robots/angus_kobuki_hexagons_kinect_kinect.urdf.xacro
[0.137s] -- Up-to-date: /home/napat/skuba-manipulation/install/skuba_edu_description/share/skuba_edu_description/robots/angus_kobuki_hexagons_realsense_lidar.urdf.xacro
[0.137s] -- Up-to-date: /home/napat/skuba-manipulation/install/skuba_edu_description/share/skuba_edu_description/robots/angus_rcj2023_no_arm_and_cam.urdf.xacro
[0.137s] -- Up-to-date: /home/napat/skuba-manipulation/install/skuba_edu_description/share/skuba_edu_description/robots/angus_kobuki_hexagons_kinect_lidar.urdf.xacro
[0.137s] -- Up-to-date: /home/napat/skuba-manipulation/install/skuba_edu_description/share/skuba_edu_description/robots/angus_rcj2023.urdf.xacro
[0.137s] -- Up-to-date: /home/napat/skuba-manipulation/install/skuba_edu_description/share/ament_index/resource_index/package_run_dependencies/skuba_edu_description
[0.137s] -- Up-to-date: /home/napat/skuba-manipulation/install/skuba_edu_description/share/ament_index/resource_index/parent_prefix_path/skuba_edu_description
[0.138s] -- Up-to-date: /home/napat/skuba-manipulation/install/skuba_edu_description/share/skuba_edu_description/environment/ament_prefix_path.sh
[0.138s] -- Up-to-date: /home/napat/skuba-manipulation/install/skuba_edu_description/share/skuba_edu_description/environment/ament_prefix_path.dsv
[0.138s] -- Up-to-date: /home/napat/skuba-manipulation/install/skuba_edu_description/share/skuba_edu_description/environment/path.sh
[0.138s] -- Up-to-date: /home/napat/skuba-manipulation/install/skuba_edu_description/share/skuba_edu_description/environment/path.dsv
[0.138s] -- Up-to-date: /home/napat/skuba-manipulation/install/skuba_edu_description/share/skuba_edu_description/local_setup.bash
[0.138s] -- Up-to-date: /home/napat/skuba-manipulation/install/skuba_edu_description/share/skuba_edu_description/local_setup.sh
[0.138s] -- Up-to-date: /home/napat/skuba-manipulation/install/skuba_edu_description/share/skuba_edu_description/local_setup.zsh
[0.138s] -- Up-to-date: /home/napat/skuba-manipulation/install/skuba_edu_description/share/skuba_edu_description/local_setup.dsv
[0.138s] -- Up-to-date: /home/napat/skuba-manipulation/install/skuba_edu_description/share/skuba_edu_description/package.dsv
[0.138s] -- Up-to-date: /home/napat/skuba-manipulation/install/skuba_edu_description/share/ament_index/resource_index/packages/skuba_edu_description
[0.139s] -- Up-to-date: /home/napat/skuba-manipulation/install/skuba_edu_description/share/skuba_edu_description/cmake/skuba_edu_descriptionConfig.cmake
[0.139s] -- Up-to-date: /home/napat/skuba-manipulation/install/skuba_edu_description/share/skuba_edu_description/cmake/skuba_edu_descriptionConfig-version.cmake
[0.139s] -- Up-to-date: /home/napat/skuba-manipulation/install/skuba_edu_description/share/skuba_edu_description/package.xml
[0.140s] Invoked command in '/home/napat/skuba-manipulation/build/skuba_edu_description' returned '0': CMAKE_PREFIX_PATH=${CMAKE_PREFIX_PATH}:/home/napat/skuba_ws/install/cleaner_navigation:/opt/ros/humble /usr/bin/cmake --install /home/napat/skuba-manipulation/build/skuba_edu_description
